android-build/build/outputs/logs/manifest-merger-debug-report.txt
-- Merging decision tree log ---
manifest
ADDED from CreateOptics/android-build/AndroidManifest.xml:2:1-94:12
	package
		ADDED from CreateOptics/android-build/AndroidManifest.xml:2:11-38
	android:versionName
		ADDED from CreateOptics/android-build/AndroidManifest.xml:2:98-123
		INJECTED from CreateOptics/android-build/AndroidManifest.xml
		INJECTED from CreateOptics/android-build/AndroidManifest.xml
	android:versionCode
		ADDED from CreateOptics/android-build/AndroidManifest.xml:2:124-147
		INJECTED from CreateOptics/android-build/AndroidManifest.xml
		INJECTED from CreateOptics/android-build/AndroidManifest.xml
	xmlns:android
		ADDED from CreateOptics/android-build/AndroidManifest.xml:2:39-97
	android:installLocation
		ADDED from CreateOptics/android-build/AndroidManifest.xml:2:148-178
application
ADDED from CreateOptics/android-build/AndroidManifest.xml:3:5-66:19
	android:label
		ADDED from CreateOptics/android-build/AndroidManifest.xml:3:117-145
	android:hardwareAccelerated
		ADDED from CreateOptics/android-build/AndroidManifest.xml:3:18-52
	android:icon
		ADDED from CreateOptics/android-build/AndroidManifest.xml:3:146-175
	android:name
		ADDED from CreateOptics/android-build/AndroidManifest.xml:3:53-116
activity#org.qtproject.qt5.android.bindings.QtActivity
ADDED from CreateOptics/android-build/AndroidManifest.xml:4:9-62:16
	android:screenOrientation
		ADDED from CreateOptics/android-build/AndroidManifest.xml:4:263-300
	android:label
		ADDED from CreateOptics/android-build/AndroidManifest.xml:4:234-262
	android:launchMode
		ADDED from CreateOptics/android-build/AndroidManifest.xml:4:301-331
	android:configChanges
		ADDED from CreateOptics/android-build/AndroidManifest.xml:4:19-172
	android:name
		ADDED from CreateOptics/android-build/AndroidManifest.xml:4:173-233
intent-filter#android.intent.action.MAIN+android.intent.category.LAUNCHER
ADDED from CreateOptics/android-build/AndroidManifest.xml:5:13-8:29
action#android.intent.action.MAIN
ADDED from CreateOptics/android-build/AndroidManifest.xml:6:17-68
	android:name
		ADDED from CreateOptics/android-build/AndroidManifest.xml:6:25-66
category#android.intent.category.LAUNCHER
ADDED from CreateOptics/android-build/AndroidManifest.xml:7:17-76
	android:name
		ADDED from CreateOptics/android-build/AndroidManifest.xml:7:27-74
meta-data#android.app.lib_name
ADDED from CreateOptics/android-build/AndroidManifest.xml:14:13-90
	android:value
		ADDED from CreateOptics/android-build/AndroidManifest.xml:14:60-88
	android:name
		ADDED from CreateOptics/android-build/AndroidManifest.xml:14:24-59
meta-data#android.app.qt_sources_resource_id
ADDED from CreateOptics/android-build/AndroidManifest.xml:15:13-112
	android:resource
		ADDED from CreateOptics/android-build/AndroidManifest.xml:15:74-110
	android:name
		ADDED from CreateOptics/android-build/AndroidManifest.xml:15:24-73
meta-data#android.app.repository
ADDED from CreateOptics/android-build/AndroidManifest.xml:16:13-87
	android:value
		ADDED from CreateOptics/android-build/AndroidManifest.xml:16:62-85
	android:name
		ADDED from CreateOptics/android-build/AndroidManifest.xml:16:24-61
meta-data#android.app.qt_libs_resource_id
ADDED from CreateOptics/android-build/AndroidManifest.xml:17:13-106
	android:resource
		ADDED from CreateOptics/android-build/AndroidManifest.xml:17:71-104
	android:name
		ADDED from CreateOptics/android-build/AndroidManifest.xml:17:24-70
meta-data#android.app.bundled_libs_resource_id
ADDED from CreateOptics/android-build/AndroidManifest.xml:18:13-116
	android:resource
		ADDED from CreateOptics/android-build/AndroidManifest.xml:18:76-114
	android:name
		ADDED from CreateOptics/android-build/AndroidManifest.xml:18:24-75
meta-data#android.app.bundle_local_qt_libs
ADDED from CreateOptics/android-build/AndroidManifest.xml:20:13-91
	android:value
		ADDED from CreateOptics/android-build/AndroidManifest.xml:20:72-89
	android:name
		ADDED from CreateOptics/android-build/AndroidManifest.xml:20:24-71
meta-data#android.app.bundled_in_lib_resource_id
ADDED from CreateOptics/android-build/AndroidManifest.xml:21:13-120
	android:resource
		ADDED from CreateOptics/android-build/AndroidManifest.xml:21:78-118
	android:name
		ADDED from CreateOptics/android-build/AndroidManifest.xml:21:24-77
meta-data#android.app.bundled_in_assets_resource_id
ADDED from CreateOptics/android-build/AndroidManifest.xml:22:13-126
	android:resource
		ADDED from CreateOptics/android-build/AndroidManifest.xml:22:81-124
	android:name
		ADDED from CreateOptics/android-build/AndroidManifest.xml:22:24-80
meta-data#android.app.use_local_qt_libs
ADDED from CreateOptics/android-build/AndroidManifest.xml:24:13-88
	android:value
		ADDED from CreateOptics/android-build/AndroidManifest.xml:24:69-86
	android:name
		ADDED from CreateOptics/android-build/AndroidManifest.xml:24:24-68
meta-data#android.app.libs_prefix
ADDED from CreateOptics/android-build/AndroidManifest.xml:25:13-100
	android:value
		ADDED from CreateOptics/android-build/AndroidManifest.xml:25:63-98
	android:name
		ADDED from CreateOptics/android-build/AndroidManifest.xml:25:24-62
meta-data#android.app.load_local_libs
ADDED from CreateOptics/android-build/AndroidManifest.xml:26:13-265
	android:value
		ADDED from CreateOptics/android-build/AndroidManifest.xml:26:67-263
	android:name
		ADDED from CreateOptics/android-build/AndroidManifest.xml:26:24-66
meta-data#android.app.load_local_jars
ADDED from CreateOptics/android-build/AndroidManifest.xml:27:13-352
	android:value
		ADDED from CreateOptics/android-build/AndroidManifest.xml:27:67-350
	android:name
		ADDED from CreateOptics/android-build/AndroidManifest.xml:27:24-66
meta-data#android.app.static_init_classes
ADDED from CreateOptics/android-build/AndroidManifest.xml:28:13-328
	android:value
		ADDED from CreateOptics/android-build/AndroidManifest.xml:28:71-326
	android:name
		ADDED from CreateOptics/android-build/AndroidManifest.xml:28:24-70
meta-data#android.app.ministro_not_found_msg
ADDED from CreateOptics/android-build/AndroidManifest.xml:32:13-122
	android:value
		ADDED from CreateOptics/android-build/AndroidManifest.xml:32:24-70
	android:name
		ADDED from CreateOptics/android-build/AndroidManifest.xml:32:71-120
meta-data#android.app.ministro_needed_msg
ADDED from CreateOptics/android-build/AndroidManifest.xml:33:13-116
	android:value
		ADDED from CreateOptics/android-build/AndroidManifest.xml:33:24-67
	android:name
		ADDED from CreateOptics/android-build/AndroidManifest.xml:33:68-114
meta-data#android.app.fatal_error_msg
ADDED from CreateOptics/android-build/AndroidManifest.xml:34:13-108
	android:value
		ADDED from CreateOptics/android-build/AndroidManifest.xml:34:24-63
	android:name
		ADDED from CreateOptics/android-build/AndroidManifest.xml:34:64-106
meta-data#android.app.background_running
ADDED from CreateOptics/android-build/AndroidManifest.xml:47:13-93
	android:value
		ADDED from CreateOptics/android-build/AndroidManifest.xml:47:70-91
	android:name
		ADDED from CreateOptics/android-build/AndroidManifest.xml:47:24-69
meta-data#android.app.auto_screen_scale_factor
ADDED from CreateOptics/android-build/AndroidManifest.xml:51:13-99
	android:value
		ADDED from CreateOptics/android-build/AndroidManifest.xml:51:76-97
	android:name
		ADDED from CreateOptics/android-build/AndroidManifest.xml:51:24-75
meta-data#android.app.extract_android_style
ADDED from CreateOptics/android-build/AndroidManifest.xml:60:13-95
	android:value
		ADDED from CreateOptics/android-build/AndroidManifest.xml:60:73-93
	android:name
		ADDED from CreateOptics/android-build/AndroidManifest.xml:60:24-72
uses-sdk
ADDED from CreateOptics/android-build/AndroidManifest.xml:68:5-73
	android:targetSdkVersion
		ADDED from CreateOptics/android-build/AndroidManifest.xml:68:42-71
	android:minSdkVersion
		ADDED from CreateOptics/android-build/AndroidManifest.xml:68:15-41
supports-screens
ADDED from CreateOptics/android-build/AndroidManifest.xml:69:5-135
	android:largeScreens
		ADDED from CreateOptics/android-build/AndroidManifest.xml:69:23-50
	android:smallScreens
		ADDED from CreateOptics/android-build/AndroidManifest.xml:69:106-133
	android:normalScreens
		ADDED from CreateOptics/android-build/AndroidManifest.xml:69:51-79
	android:anyDensity
		ADDED from CreateOptics/android-build/AndroidManifest.xml:69:80-105
uses-permission#android.permission.INTERNET
ADDED from CreateOptics/android-build/AndroidManifest.xml:73:9-71
	android:name
		ADDED from CreateOptics/android-build/AndroidManifest.xml:73:26-68
uses-permission#android.permission.WRITE_EXTERNAL_STORAGE
ADDED from CreateOptics/android-build/AndroidManifest.xml:74:5-81
	android:name
		ADDED from CreateOptics/android-build/AndroidManifest.xml:74:22-78
uses-permission#android.permission.ACCESS_NETWORK_STATE
ADDED from CreateOptics/android-build/AndroidManifest.xml:75:5-79
	android:name
		ADDED from CreateOptics/android-build/AndroidManifest.xml:75:22-76
uses-permission#android.permission.CAMERA
ADDED from CreateOptics/android-build/AndroidManifest.xml:76:5-65
	android:name
		ADDED from CreateOptics/android-build/AndroidManifest.xml:76:22-62
uses-permission#android.permission.RECORD_AUDIO
ADDED from CreateOptics/android-build/AndroidManifest.xml:77:5-71
	android:name
		ADDED from CreateOptics/android-build/AndroidManifest.xml:77:22-68
uses-permission#android.permission.BLUETOOTH
ADDED from CreateOptics/android-build/AndroidManifest.xml:78:5-68
	android:name
		ADDED from CreateOptics/android-build/AndroidManifest.xml:78:22-65
uses-permission#android.permission.BLUETOOTH_ADMIN
ADDED from CreateOptics/android-build/AndroidManifest.xml:79:5-74
	android:name
		ADDED from CreateOptics/android-build/AndroidManifest.xml:79:22-71
uses-permission#android.permission.ACCESS_COARSE_LOCATION
ADDED from CreateOptics/android-build/AndroidManifest.xml:80:5-81
	android:name
		ADDED from CreateOptics/android-build/AndroidManifest.xml:80:22-78
uses-feature#android.hardware.camera
ADDED from CreateOptics/android-build/AndroidManifest.xml:85:9-89
	android:required
		ADDED from CreateOptics/android-build/AndroidManifest.xml:85:62-86
	android:name
		ADDED from CreateOptics/android-build/AndroidManifest.xml:85:23-61
uses-feature#android.hardware.camera.autofocus
ADDED from CreateOptics/android-build/AndroidManifest.xml:86:5-95
	android:required
		ADDED from CreateOptics/android-build/AndroidManifest.xml:86:68-92
	android:name
		ADDED from CreateOptics/android-build/AndroidManifest.xml:86:19-67
uses-feature#android.hardware.microphone
ADDED from CreateOptics/android-build/AndroidManifest.xml:87:5-89
	android:required
		ADDED from CreateOptics/android-build/AndroidManifest.xml:87:62-86
	android:name
		ADDED from CreateOptics/android-build/AndroidManifest.xml:87:19-61
uses-feature#0x00020000
ADDED from CreateOptics/android-build/AndroidManifest.xml:88:5-78
	android:glEsVersion
		ADDED from CreateOptics/android-build/AndroidManifest.xml:88:19-51
	android:required
		ADDED from CreateOptics/android-build/AndroidManifest.xml:88:52-75
uses-permission#android.permission.READ_EXTERNAL_STORAGE
ADDED from CreateOptics/android-build/AndroidManifest.xml:92:1-75
	android:name
		ADDED from CreateOptics/android-build/AndroidManifest.xml:92:18-73